0 info it worked if it ends with ok
1 verbose cli [ '/usr/bin/nodejs', '/usr/bin/npm', 'install', '-g', 'grunt-cli' ]
2 info using npm@2.14.7
3 info using node@v4.2.3
4 verbose install initial load of /usr/lib/package.json
5 verbose readDependencies loading dependencies from /usr/lib/package.json
6 silly cache add args [ 'grunt-cli', null ]
7 verbose cache add spec grunt-cli
8 silly cache add parsed spec Result {
8 silly cache add   raw: 'grunt-cli',
8 silly cache add   scope: null,
8 silly cache add   name: 'grunt-cli',
8 silly cache add   rawSpec: '',
8 silly cache add   spec: '*',
8 silly cache add   type: 'range' }
9 silly addNamed grunt-cli@*
10 verbose addNamed "*" is a valid semver range for grunt-cli
11 silly addNameRange { name: 'grunt-cli', range: '*', hasData: false }
12 silly mapToRegistry name grunt-cli
13 silly mapToRegistry using default registry
14 silly mapToRegistry registry https://registry.npmjs.org/
15 silly mapToRegistry uri https://registry.npmjs.org/grunt-cli
16 verbose addNameRange registry:https://registry.npmjs.org/grunt-cli not in flight; fetching
17 verbose request uri https://registry.npmjs.org/grunt-cli
18 verbose request no auth needed
19 info attempt registry request try #1 at 2:57:42 PM
20 verbose request id d4d42ce5ba59eab1
21 verbose etag "9FVAZTYZ7K5ZX5I7RQBQL2F6M"
22 http request GET https://registry.npmjs.org/grunt-cli
23 http 304 https://registry.npmjs.org/grunt-cli
24 verbose headers { date: 'Sat, 19 Dec 2015 08:57:44 GMT',
24 verbose headers   via: '1.1 varnish',
24 verbose headers   'cache-control': 'max-age=300',
24 verbose headers   etag: '"9FVAZTYZ7K5ZX5I7RQBQL2F6M"',
24 verbose headers   age: '275',
24 verbose headers   connection: 'keep-alive',
24 verbose headers   'x-served-by': 'cache-sin6923-SIN',
24 verbose headers   'x-cache': 'HIT',
24 verbose headers   'x-cache-hits': '2',
24 verbose headers   'x-timer': 'S1450515464.091837,VS0,VE0',
24 verbose headers   vary: 'Accept' }
25 silly get cb [ 304,
25 silly get   { date: 'Sat, 19 Dec 2015 08:57:44 GMT',
25 silly get     via: '1.1 varnish',
25 silly get     'cache-control': 'max-age=300',
25 silly get     etag: '"9FVAZTYZ7K5ZX5I7RQBQL2F6M"',
25 silly get     age: '275',
25 silly get     connection: 'keep-alive',
25 silly get     'x-served-by': 'cache-sin6923-SIN',
25 silly get     'x-cache': 'HIT',
25 silly get     'x-cache-hits': '2',
25 silly get     'x-timer': 'S1450515464.091837,VS0,VE0',
25 silly get     vary: 'Accept' } ]
26 verbose etag https://registry.npmjs.org/grunt-cli from cache
27 verbose get saving grunt-cli to /home/shithil/.npm/registry.npmjs.org/grunt-cli/.cache.json
28 silly addNameRange number 2 { name: 'grunt-cli', range: '*', hasData: true }
29 silly addNameRange versions [ 'grunt-cli',
29 silly addNameRange   [ '0.1.0',
29 silly addNameRange     '0.1.1',
29 silly addNameRange     '0.1.2',
29 silly addNameRange     '0.1.3',
29 silly addNameRange     '0.1.4',
29 silly addNameRange     '0.1.5',
29 silly addNameRange     '0.1.6',
29 silly addNameRange     '0.1.7',
29 silly addNameRange     '0.1.8',
29 silly addNameRange     '0.1.9',
29 silly addNameRange     '0.1.10',
29 silly addNameRange     '0.1.11',
29 silly addNameRange     '0.1.12',
29 silly addNameRange     '0.1.13' ] ]
30 silly addNamed grunt-cli@0.1.13
31 verbose addNamed "0.1.13" is a plain semver version for grunt-cli
32 silly cache afterAdd grunt-cli@0.1.13
33 verbose afterAdd /home/shithil/.npm/grunt-cli/0.1.13/package/package.json not in flight; writing
34 verbose afterAdd /home/shithil/.npm/grunt-cli/0.1.13/package/package.json written
35 silly install resolved [ { name: 'grunt-cli',
35 silly install resolved     description: 'The grunt command line interface.',
35 silly install resolved     version: '0.1.13',
35 silly install resolved     author: { name: 'Grunt Team' },
35 silly install resolved     homepage: 'http://gruntjs.com/',
35 silly install resolved     repository: { type: 'git', url: 'git://github.com/gruntjs/grunt-cli.git' },
35 silly install resolved     bugs: { url: 'http://github.com/gruntjs/grunt-cli/issues' },
35 silly install resolved     licenses: [ [Object] ],
35 silly install resolved     bin: { grunt: 'bin/grunt' },
35 silly install resolved     engines: { node: '>= 0.8.0' },
35 silly install resolved     scripts: { test: 'node bin/grunt test' },
35 silly install resolved     preferGlobal: true,
35 silly install resolved     dependencies: { nopt: '~1.0.10', 'findup-sync': '~0.1.0', resolve: '~0.3.1' },
35 silly install resolved     devDependencies: { grunt: '~0.4.0', 'grunt-contrib-jshint': '~0.2.0' },
35 silly install resolved     contributors: [ [Object], [Object], [Object], [Object] ],
35 silly install resolved     _id: 'grunt-cli@0.1.13',
35 silly install resolved     dist:
35 silly install resolved      { shasum: 'e9ebc4047631f5012d922770c39378133cad10f4',
35 silly install resolved        tarball: 'http://registry.npmjs.org/grunt-cli/-/grunt-cli-0.1.13.tgz' },
35 silly install resolved     _from: 'grunt-cli@*',
35 silly install resolved     _npmVersion: '1.3.24',
35 silly install resolved     _npmUser: { name: 'tkellen', email: 'tyler@sleekcode.net' },
35 silly install resolved     maintainers: [ [Object] ],
35 silly install resolved     directories: {},
35 silly install resolved     _shasum: 'e9ebc4047631f5012d922770c39378133cad10f4',
35 silly install resolved     _resolved: 'https://registry.npmjs.org/grunt-cli/-/grunt-cli-0.1.13.tgz',
35 silly install resolved     readme: 'ERROR: No README data found!' } ]
36 info install grunt-cli@0.1.13 into /usr/lib
37 info installOne grunt-cli@0.1.13
38 verbose installOne of grunt-cli to /usr/lib not in flight; installing
39 verbose lock using /home/shithil/.npm/_locks/grunt-cli-e8d57df188d50057.lock for /usr/lib/node_modules/grunt-cli
40 silly install write writing grunt-cli 0.1.13 to /usr/lib/node_modules/grunt-cli
41 verbose unbuild lib/node_modules/grunt-cli
42 info preuninstall grunt-cli@0.1.13
43 info uninstall grunt-cli@0.1.13
44 verbose unbuild rmStuff grunt-cli@0.1.13 from /usr/lib/node_modules
45 silly gentlyRm /usr/bin/grunt is being gently removed
46 silly gentlyRm verifying /usr is an npm working directory
47 silly gentlyRm containing path /usr is under npm's control, in /usr
48 silly gentlyRm deletion target /usr/bin/grunt is under /usr
49 verbose gentlyRm vacuuming from /usr/bin/grunt up to /usr
50 silly vacuum-fs removing /usr/bin/grunt
51 verbose unlock done using /home/shithil/.npm/_locks/grunt-cli-e8d57df188d50057.lock for /usr/lib/node_modules/grunt-cli
52 verbose stack Error: EACCES: permission denied, unlink '/usr/bin/grunt'
52 verbose stack     at Error (native)
53 verbose cwd /home/shithil/project/Mapology
54 error Linux 4.2.0-22-generic
55 error argv "/usr/bin/nodejs" "/usr/bin/npm" "install" "-g" "grunt-cli"
56 error node v4.2.3
57 error npm  v2.14.7
58 error path /usr/bin/grunt
59 error code EACCES
60 error errno -13
61 error syscall unlink
62 error Error: EACCES: permission denied, unlink '/usr/bin/grunt'
62 error     at Error (native)
62 error  { [Error: EACCES: permission denied, unlink '/usr/bin/grunt']
62 error   errno: -13,
62 error   code: 'EACCES',
62 error   syscall: 'unlink',
62 error   path: '/usr/bin/grunt' }
63 error Please try running this command again as root/Administrator.
64 verbose exit [ -13, true ]
65 verbose unbuild lib/node_modules/grunt-cli
66 info preuninstall grunt-cli@0.1.13
67 info uninstall grunt-cli@0.1.13
68 verbose unbuild rmStuff grunt-cli@0.1.13 from /usr/lib/node_modules
69 silly gentlyRm /usr/bin/grunt is being gently removed
70 silly gentlyRm verifying /usr is an npm working directory
71 silly gentlyRm containing path /usr is under npm's control, in /usr
72 silly gentlyRm deletion target /usr/bin/grunt is under /usr
73 verbose gentlyRm vacuuming from /usr/bin/grunt up to /usr
74 silly vacuum-fs removing /usr/bin/grunt
75 error error rolling back Error: EACCES: permission denied, unlink '/usr/bin/grunt'
75 error error rolling back     at Error (native)
75 error error rolling back  { [Error: EACCES: permission denied, unlink '/usr/bin/grunt']
75 error error rolling back   errno: -13,
75 error error rolling back   code: 'EACCES',
75 error error rolling back   syscall: 'unlink',
75 error error rolling back   path: '/usr/bin/grunt' }
